
{"level":"info","message":"Loading training data...","timestamp":"2024-11-24T18:44:13.441Z"}
{"level":"error","message":"Error during training:","timestamp":"2024-11-24T18:44:13.447Z"}
{"level":"error","message":"Training failed:","timestamp":"2024-11-24T18:44:13.447Z"}
{"level":"info","message":"Loading training data...","timestamp":"2024-11-24T18:49:19.567Z"}
{"level":"error","message":"Error during training:","timestamp":"2024-11-24T18:49:19.571Z"}
{"level":"error","message":"Stack trace:","timestamp":"2024-11-24T18:49:19.572Z"}
{"level":"info","message":"Loading training data...","timestamp":"2024-11-24T18:53:06.030Z"}
{"level":"error","message":"Training data file not found at: C:\\ATOMIC 2.0\\NIKI\\AI\\Training\\tamperDetectionTraining.json","timestamp":"2024-11-24T18:53:06.033Z"}
{"level":"error","message":"Error during training:","timestamp":"2024-11-24T18:53:06.035Z"}
{"level":"error","message":"Stack trace:","timestamp":"2024-11-24T18:53:06.036Z"}
{"level":"info","message":"Loading training data...","timestamp":"2024-11-24T18:54:19.790Z"}
{"level":"error","message":"Training data file not found at: C:\\ATOMIC 2.0\\NIKI\\AI\\tamperDetectionTraining.json","timestamp":"2024-11-24T18:54:19.793Z"}
{"level":"error","message":"Error during training:","timestamp":"2024-11-24T18:54:19.797Z"}
{"level":"error","message":"Stack trace:","timestamp":"2024-11-24T18:54:19.798Z"}
{"level":"info","message":"Loading training data...","timestamp":"2024-11-24T18:57:20.027Z"}
{"level":"error","message":"Training data file not found at: C:\\ATOMIC 2.0\\NIKI\\AI\\tamperDetectionTraining.json","timestamp":"2024-11-24T18:57:20.029Z"}
{"level":"error","message":"Error during training:","timestamp":"2024-11-24T18:57:20.032Z"}
{"level":"error","message":"Stack trace:","timestamp":"2024-11-24T18:57:20.033Z"}
{"level":"info","message":"Loading training data...","timestamp":"2024-11-24T18:58:45.859Z"}
{"level":"error","message":"Training data file not found at: C:\\ATOMIC 2.0\\NIKI\\AI\\Training\\Training\\taskTraining.json","timestamp":"2024-11-24T18:58:45.862Z"}
{"level":"error","message":"Error during training:","timestamp":"2024-11-24T18:58:45.864Z"}
{"level":"error","message":"Stack trace:","timestamp":"2024-11-24T18:58:45.866Z"}
{"level":"info","message":"Loading training data...","timestamp":"2024-11-24T18:59:52.512Z"}
{"level":"info","message":"Reading training data...","timestamp":"2024-11-24T18:59:52.515Z"}
{"level":"info","message":"Training data loaded successfully.","timestamp":"2024-11-24T18:59:52.524Z"}
{"level":"info","message":"Preprocessing training data...","timestamp":"2024-11-24T18:59:52.524Z"}
{"level":"error","message":"Error during training:","timestamp":"2024-11-24T18:59:52.529Z"}
{"level":"error","message":"Stack trace:","timestamp":"2024-11-24T18:59:52.532Z"}
{"level":"info","message":"Loading training data...","timestamp":"2024-11-24T19:01:52.427Z"}
{"level":"info","message":"Reading training data...","timestamp":"2024-11-24T19:01:52.429Z"}
{"level":"info","message":"Training data loaded successfully.","timestamp":"2024-11-24T19:01:52.438Z"}
{"level":"info","message":"Preprocessing training data...","timestamp":"2024-11-24T19:01:52.438Z"}
{"level":"info","message":"Inputs min: 1, max: 199","timestamp":"2024-11-24T19:01:52.466Z"}
{"level":"info","message":"Labels min: 0, max: 1","timestamp":"2024-11-24T19:01:52.467Z"}
{"level":"info","message":"Inputs shape: 1000,5","timestamp":"2024-11-24T19:01:52.468Z"}
{"level":"info","message":"Labels shape: 1000,5","timestamp":"2024-11-24T19:01:52.469Z"}
{"level":"info","message":"Unique labels: 5","timestamp":"2024-11-24T19:01:52.469Z"}
{"level":"info","message":"Building a new model...","timestamp":"2024-11-24T19:01:52.469Z"}
{"level":"info","message":"Model built successfully.","timestamp":"2024-11-24T19:01:52.478Z"}
{"level":"info","message":"Training the model...","timestamp":"2024-11-24T19:01:52.479Z"}
{"level":"error","message":"Error during training:","timestamp":"2024-11-24T19:01:52.485Z"}
{"level":"error","message":"Stack trace:","timestamp":"2024-11-24T19:01:52.489Z"}
{"level":"info","message":"Loading training data...","timestamp":"2024-11-24T19:03:57.635Z"}
{"level":"info","message":"Reading training data...","timestamp":"2024-11-24T19:03:57.638Z"}
{"level":"info","message":"Training data loaded successfully.","timestamp":"2024-11-24T19:03:57.647Z"}
{"level":"info","message":"Preprocessing training data...","timestamp":"2024-11-24T19:03:57.648Z"}
{"level":"info","message":"Inputs min: 1, max: 199","timestamp":"2024-11-24T19:03:57.675Z"}
{"level":"info","message":"Labels min: 0, max: 1","timestamp":"2024-11-24T19:03:57.676Z"}
{"level":"info","message":"Inputs shape: 1000,5","timestamp":"2024-11-24T19:03:57.676Z"}
{"level":"info","message":"Labels shape: 1000,5","timestamp":"2024-11-24T19:03:57.677Z"}
{"level":"info","message":"Unique labels: 5","timestamp":"2024-11-24T19:03:57.677Z"}
{"level":"info","message":"Building a new model...","timestamp":"2024-11-24T19:03:57.678Z"}
{"level":"info","message":"Model built successfully.","timestamp":"2024-11-24T19:03:57.688Z"}
{"level":"info","message":"Training the model...","timestamp":"2024-11-24T19:03:57.689Z"}
{"level":"error","message":"Error during model training:","timestamp":"2024-11-24T19:03:57.694Z"}
{"level":"error","message":"Stack trace:","timestamp":"2024-11-24T19:03:57.698Z"}
{"level":"error","message":"Error during training:","timestamp":"2024-11-24T19:03:57.699Z"}
{"level":"error","message":"Stack trace:","timestamp":"2024-11-24T19:03:57.700Z"}
{"level":"info","message":"Loading training data...","timestamp":"2024-11-24T19:05:33.029Z"}
{"level":"info","message":"Reading training data...","timestamp":"2024-11-24T19:05:33.031Z"}
{"level":"info","message":"Training data loaded successfully.","timestamp":"2024-11-24T19:05:33.040Z"}
{"level":"info","message":"Preprocessing training data...","timestamp":"2024-11-24T19:05:33.040Z"}
{"level":"info","message":"Inputs min: 1, max: 199","timestamp":"2024-11-24T19:05:33.068Z"}
{"level":"info","message":"Labels shape: 1000,5","timestamp":"2024-11-24T19:05:33.068Z"}
{"level":"info","message":"Inputs shape: 1000,5","timestamp":"2024-11-24T19:05:33.069Z"}
{"level":"info","message":"Labels shape: 1000,5","timestamp":"2024-11-24T19:05:33.069Z"}
{"level":"info","message":"Unique labels: 5","timestamp":"2024-11-24T19:05:33.069Z"}
{"level":"info","message":"Building a new model...","timestamp":"2024-11-24T19:05:33.070Z"}
{"level":"info","message":"Model built successfully.","timestamp":"2024-11-24T19:05:33.080Z"}
{"level":"info","message":"Training the model...","timestamp":"2024-11-24T19:05:33.080Z"}
{"level":"error","message":"Error during model training:","timestamp":"2024-11-24T19:05:33.087Z"}
{"level":"error","message":"Stack trace:","timestamp":"2024-11-24T19:05:33.091Z"}
{"level":"error","message":"Error during training:","timestamp":"2024-11-24T19:05:33.091Z"}
{"level":"error","message":"Stack trace:","timestamp":"2024-11-24T19:05:33.091Z"}
{"level":"info","message":"Loading training data...","timestamp":"2024-11-24T19:06:42.529Z"}
{"level":"info","message":"Reading training data...","timestamp":"2024-11-24T19:06:42.532Z"}
{"level":"info","message":"Training data loaded successfully.","timestamp":"2024-11-24T19:06:42.541Z"}
{"level":"info","message":"Preprocessing training data...","timestamp":"2024-11-24T19:06:42.541Z"}
{"level":"info","message":"Inputs min: 1, max: 199","timestamp":"2024-11-24T19:06:42.569Z"}
{"level":"info","message":"Labels shape: 1000,5","timestamp":"2024-11-24T19:06:42.569Z"}
{"level":"info","message":"Inputs shape: 1000,5","timestamp":"2024-11-24T19:06:42.569Z"}
{"level":"info","message":"Labels shape: 1000,5","timestamp":"2024-11-24T19:06:42.570Z"}
{"level":"info","message":"Unique labels: 5","timestamp":"2024-11-24T19:06:42.570Z"}
{"level":"info","message":"Building a new model...","timestamp":"2024-11-24T19:06:42.571Z"}
{"level":"info","message":"Model built successfully.","timestamp":"2024-11-24T19:06:42.580Z"}
{"level":"info","message":"Training the model...","timestamp":"2024-11-24T19:06:42.581Z"}
{"level":"error","message":"Error during model training:","timestamp":"2024-11-24T19:06:42.587Z"}
{"level":"error","message":"Error message:","timestamp":"2024-11-24T19:06:42.588Z"}
{"level":"error","message":"Stack trace:","timestamp":"2024-11-24T19:06:42.590Z"}
{"level":"error","message":"Error during training:","timestamp":"2024-11-24T19:06:42.591Z"}
{"level":"error","message":"Stack trace:","timestamp":"2024-11-24T19:06:42.591Z"}
{"level":"info","message":"Loading training data...","timestamp":"2024-11-24T19:10:02.888Z"}
{"level":"info","message":"Reading training data...","timestamp":"2024-11-24T19:10:02.891Z"}
{"level":"info","message":"Training data loaded successfully.","timestamp":"2024-11-24T19:10:02.900Z"}
{"level":"info","message":"Preprocessing training data...","timestamp":"2024-11-24T19:10:02.901Z"}
{"level":"info","message":"Inputs min: 1, max: 199","timestamp":"2024-11-24T19:10:02.928Z"}
{"level":"info","message":"Labels shape: 1000,5","timestamp":"2024-11-24T19:10:02.928Z"}
{"level":"info","message":"Inputs shape: 1000,5","timestamp":"2024-11-24T19:10:02.929Z"}
{"level":"info","message":"Labels shape: 1000,5","timestamp":"2024-11-24T19:10:02.930Z"}
{"level":"info","message":"Unique labels: 5","timestamp":"2024-11-24T19:10:02.930Z"}
{"level":"info","message":"First Inputs: 47.54999923706055,39.91999816894531,55.560001373291016,5,138,83.27999877929688,10.739999771118164,32.599998474121094,3,166,84.06999969482422,44.04999923706055,55.02000045776367,8,28,56.88999938964844,33.25,66.91000366210938,9,43,85.7300033569336,54.939998626708984,99.12000274658203,7,63","timestamp":"2024-11-24T19:10:02.932Z"}
{"level":"info","message":"First Labels: 1,0,0,0,0,1,0,0,0,0,0,1,0,0,0,0,0,1,0,0,0,1,0,0,0","timestamp":"2024-11-24T19:10:02.933Z"}
{"level":"info","message":"Building a new model...","timestamp":"2024-11-24T19:10:02.934Z"}
{"level":"info","message":"Model built successfully.","timestamp":"2024-11-24T19:10:02.944Z"}
{"level":"info","message":"Training the model...","timestamp":"2024-11-24T19:10:02.945Z"}
{"level":"info","message":"Epoch 1 completed. Loss: 5.813210964202881, Val Loss: 2.9398763179779053","timestamp":"2024-11-24T19:10:03.290Z"}
{"level":"info","message":"Epoch 2 completed. Loss: 4.060615062713623, Val Loss: 2.6748080253601074","timestamp":"2024-11-24T19:10:03.508Z"}
{"level":"info","message":"Epoch 3 completed. Loss: 3.0916850566864014, Val Loss: 1.974609375","timestamp":"2024-11-24T19:10:03.703Z"}
{"level":"info","message":"Epoch 4 completed. Loss: 2.7092251777648926, Val Loss: 1.8951088190078735","timestamp":"2024-11-24T19:10:03.897Z"}
{"level":"info","message":"Epoch 5 completed. Loss: 2.2109086513519287, Val Loss: 1.3865774869918823","timestamp":"2024-11-24T19:10:04.095Z"}
{"level":"info","message":"Epoch 6 completed. Loss: 1.7386186122894287, Val Loss: 0.9755452871322632","timestamp":"2024-11-24T19:10:04.282Z"}
{"level":"info","message":"Epoch 7 completed. Loss: 1.5368925333023071, Val Loss: 0.9082077145576477","timestamp":"2024-11-24T19:10:04.472Z"}
{"level":"info","message":"Epoch 8 completed. Loss: 1.3853611946105957, Val Loss: 0.8244455456733704","timestamp":"2024-11-24T19:10:04.685Z"}
{"level":"info","message":"Epoch 9 completed. Loss: 1.1102850437164307, Val Loss: 0.8021782040596008","timestamp":"2024-11-24T19:10:04.865Z"}
{"level":"info","message":"Epoch 10 completed. Loss: 1.106153130531311, Val Loss: 0.7639604806900024","timestamp":"2024-11-24T19:10:05.044Z"}
{"level":"info","message":"Epoch 11 completed. Loss: 1.0777157545089722, Val Loss: 0.754682183265686","timestamp":"2024-11-24T19:10:05.239Z"}
{"level":"info","message":"Epoch 12 completed. Loss: 0.9858874082565308, Val Loss: 0.738169252872467","timestamp":"2024-11-24T19:10:05.422Z"}
{"level":"info","message":"Epoch 13 completed. Loss: 0.905492901802063, Val Loss: 0.725905179977417","timestamp":"2024-11-24T19:10:05.605Z"}
{"level":"info","message":"Epoch 14 completed. Loss: 0.8857765793800354, Val Loss: 0.7237393856048584","timestamp":"2024-11-24T19:10:05.785Z"}
{"level":"info","message":"Epoch 15 completed. Loss: 0.8683448433876038, Val Loss: 0.7218775749206543","timestamp":"2024-11-24T19:10:05.968Z"}
{"level":"info","message":"Epoch 16 completed. Loss: 0.8355156779289246, Val Loss: 0.7040576934814453","timestamp":"2024-11-24T19:10:06.141Z"}
{"level":"info","message":"Epoch 17 completed. Loss: 0.8344775438308716, Val Loss: 0.714389979839325","timestamp":"2024-11-24T19:10:06.317Z"}
{"level":"info","message":"Epoch 18 completed. Loss: 0.7717607617378235, Val Loss: 0.6925100088119507","timestamp":"2024-11-24T19:10:06.495Z"}
{"level":"info","message":"Epoch 19 completed. Loss: 0.8110786080360413, Val Loss: 0.6947578191757202","timestamp":"2024-11-24T19:10:06.671Z"}
{"level":"info","message":"Epoch 20 completed. Loss: 0.7761716842651367, Val Loss: 0.6731780767440796","timestamp":"2024-11-24T19:10:06.847Z"}
{"level":"info","message":"Epoch 21 completed. Loss: 0.7435054779052734, Val Loss: 0.6635013818740845","timestamp":"2024-11-24T19:10:07.022Z"}
{"level":"info","message":"Epoch 22 completed. Loss: 0.777334451675415, Val Loss: 0.6764345765113831","timestamp":"2024-11-24T19:10:07.195Z"}
{"level":"info","message":"Epoch 23 completed. Loss: 0.7147365212440491, Val Loss: 0.669535219669342","timestamp":"2024-11-24T19:10:07.368Z"}
{"level":"info","message":"Epoch 24 completed. Loss: 0.7484033107757568, Val Loss: 0.6580325961112976","timestamp":"2024-11-24T19:10:07.544Z"}
{"level":"info","message":"Epoch 25 completed. Loss: 0.7120094299316406, Val Loss: 0.6536334753036499","timestamp":"2024-11-24T19:10:07.720Z"}
{"level":"info","message":"Epoch 26 completed. Loss: 0.737838864326477, Val Loss: 0.6545143127441406","timestamp":"2024-11-24T19:10:07.894Z"}
{"level":"info","message":"Epoch 27 completed. Loss: 0.7102301120758057, Val Loss: 0.6487101912498474","timestamp":"2024-11-24T19:10:08.068Z"}
{"level":"info","message":"Epoch 28 completed. Loss: 0.7046743035316467, Val Loss: 0.6404033899307251","timestamp":"2024-11-24T19:10:08.245Z"}
{"level":"info","message":"Epoch 29 completed. Loss: 0.6806212663650513, Val Loss: 0.6431227326393127","timestamp":"2024-11-24T19:10:08.423Z"}
{"level":"info","message":"Epoch 30 completed. Loss: 0.7102814316749573, Val Loss: 0.6349033117294312","timestamp":"2024-11-24T19:10:08.597Z"}
{"level":"info","message":"Epoch 31 completed. Loss: 0.6959612965583801, Val Loss: 0.6362246870994568","timestamp":"2024-11-24T19:10:08.768Z"}
{"level":"info","message":"Epoch 32 completed. Loss: 0.678292453289032, Val Loss: 0.6242273449897766","timestamp":"2024-11-24T19:10:08.943Z"}
{"level":"info","message":"Epoch 33 completed. Loss: 0.6783183813095093, Val Loss: 0.6317800283432007","timestamp":"2024-11-24T19:10:09.119Z"}
{"level":"info","message":"Epoch 34 completed. Loss: 0.6794256567955017, Val Loss: 0.6172164678573608","timestamp":"2024-11-24T19:10:09.295Z"}
{"level":"info","message":"Epoch 35 completed. Loss: 0.6896365284919739, Val Loss: 0.6221153736114502","timestamp":"2024-11-24T19:10:09.468Z"}
{"level":"info","message":"Epoch 36 completed. Loss: 0.6690033078193665, Val Loss: 0.6137869358062744","timestamp":"2024-11-24T19:10:09.642Z"}
{"level":"info","message":"Epoch 37 completed. Loss: 0.6400670409202576, Val Loss: 0.6015592813491821","timestamp":"2024-11-24T19:10:09.816Z"}
{"level":"info","message":"Epoch 38 completed. Loss: 0.6324621438980103, Val Loss: 0.6095229983329773","timestamp":"2024-11-24T19:10:09.991Z"}
{"level":"info","message":"Epoch 39 completed. Loss: 0.6682432293891907, Val Loss: 0.608148992061615","timestamp":"2024-11-24T19:10:10.162Z"}
{"level":"info","message":"Epoch 40 completed. Loss: 0.6156393885612488, Val Loss: 0.604613184928894","timestamp":"2024-11-24T19:10:10.337Z"}
{"level":"info","message":"Epoch 41 completed. Loss: 0.6157365441322327, Val Loss: 0.5978356003761292","timestamp":"2024-11-24T19:10:10.506Z"}
{"level":"info","message":"Epoch 42 completed. Loss: 0.6095052361488342, Val Loss: 0.5855417847633362","timestamp":"2024-11-24T19:10:10.684Z"}
{"level":"info","message":"Epoch 43 completed. Loss: 0.6211365461349487, Val Loss: 0.5905470848083496","timestamp":"2024-11-24T19:10:10.862Z"}
{"level":"info","message":"Epoch 44 completed. Loss: 0.6197628974914551, Val Loss: 0.5820284485816956","timestamp":"2024-11-24T19:10:11.039Z"}
{"level":"info","message":"Epoch 45 completed. Loss: 0.6188992857933044, Val Loss: 0.5753228664398193","timestamp":"2024-11-24T19:10:11.215Z"}
{"level":"info","message":"Epoch 46 completed. Loss: 0.5866822004318237, Val Loss: 0.5686838626861572","timestamp":"2024-11-24T19:10:11.395Z"}
{"level":"info","message":"Epoch 47 completed. Loss: 0.5970251560211182, Val Loss: 0.5625786781311035","timestamp":"2024-11-24T19:10:11.584Z"}
{"level":"info","message":"Epoch 48 completed. Loss: 0.5822048783302307, Val Loss: 0.5596386790275574","timestamp":"2024-11-24T19:10:11.760Z"}
{"level":"info","message":"Epoch 49 completed. Loss: 0.6060726642608643, Val Loss: 0.5694811940193176","timestamp":"2024-11-24T19:10:11.939Z"}
{"level":"info","message":"Epoch 50 completed. Loss: 0.5768944621086121, Val Loss: 0.5644725561141968","timestamp":"2024-11-24T19:10:12.120Z"}
{"level":"info","message":"Training completed. Final Validation Loss: 0.5644725561141968","timestamp":"2024-11-24T19:10:12.122Z"}
{"level":"info","message":"Saving the trained model...","timestamp":"2024-11-24T19:10:12.122Z"}
{"level":"info","message":"Model saved successfully at: C:\\ATOMIC 2.0\\NIKI\\AI\\Models\\tamperDetectionModel.tfmodel","timestamp":"2024-11-24T19:10:12.133Z"}
